{"C:\\Users\\sebas\\Downloads\\7iMig\\scripts\\card.js": {"path":"C:\\Users\\sebas\\Downloads\\7iMig\\scripts\\card.js","statementMap":{"0":{"start":{"line":5,"column":17},"end":{"line":5,"column":55}},"1":{"start":{"line":6,"column":19},"end":{"line":6,"column":52}},"2":{"start":{"line":14,"column":4},"end":{"line":14,"column":25}},"3":{"start":{"line":15,"column":4},"end":{"line":15,"column":21}},"4":{"start":{"line":16,"column":4},"end":{"line":16,"column":40}}},"fnMap":{"0":{"name":"(anonymous_0)","decl":{"start":{"line":13,"column":2},"end":{"line":13,"column":3}},"loc":{"start":{"line":13,"column":28},"end":{"line":17,"column":3}},"line":13}},"branchMap":{"0":{"loc":{"start":{"line":16,"column":16},"end":{"line":16,"column":39}},"type":"cond-expr","locations":[{"start":{"line":16,"column":28},"end":{"line":16,"column":31}},{"start":{"line":16,"column":33},"end":{"line":16,"column":39}}],"line":16}},"s":{"0":1,"1":1,"2":40,"3":40,"4":40},"f":{"0":40},"b":{"0":[12,28]},"_coverageSchema":"1a1c01bbd47fc00a2c39e90264f33305004495a9","hash":"751250d9f485d2c4c8fe34672849609946753262"}
,"C:\\Users\\sebas\\Downloads\\7iMig\\scripts\\deck.js": {"path":"C:\\Users\\sebas\\Downloads\\7iMig\\scripts\\deck.js","statementMap":{"0":{"start":{"line":11,"column":4},"end":{"line":11,"column":20}},"1":{"start":{"line":18,"column":4},"end":{"line":22,"column":5}},"2":{"start":{"line":19,"column":6},"end":{"line":21,"column":7}},"3":{"start":{"line":20,"column":8},"end":{"line":20,"column":48}},"4":{"start":{"line":29,"column":4},"end":{"line":32,"column":5}},"5":{"start":{"line":29,"column":17},"end":{"line":29,"column":38}},"6":{"start":{"line":30,"column":16},"end":{"line":30,"column":51}},"7":{"start":{"line":31,"column":6},"end":{"line":31,"column":70}}},"fnMap":{"0":{"name":"(anonymous_0)","decl":{"start":{"line":10,"column":2},"end":{"line":10,"column":3}},"loc":{"start":{"line":10,"column":16},"end":{"line":12,"column":3}},"line":10},"1":{"name":"(anonymous_1)","decl":{"start":{"line":17,"column":2},"end":{"line":17,"column":3}},"loc":{"start":{"line":17,"column":15},"end":{"line":23,"column":3}},"line":17},"2":{"name":"(anonymous_2)","decl":{"start":{"line":28,"column":2},"end":{"line":28,"column":3}},"loc":{"start":{"line":28,"column":17},"end":{"line":33,"column":3}},"line":28}},"branchMap":{},"s":{"0":1,"1":1,"2":4,"3":40,"4":1,"5":1,"6":39,"7":39},"f":{"0":1,"1":1,"2":1},"b":{},"_coverageSchema":"1a1c01bbd47fc00a2c39e90264f33305004495a9","hash":"688c4b9537269e7590d5e4075d248f5f97ecada5"}
,"C:\\Users\\sebas\\Downloads\\7iMig\\scripts\\game.js": {"path":"C:\\Users\\sebas\\Downloads\\7iMig\\scripts\\game.js","statementMap":{"0":{"start":{"line":11,"column":4},"end":{"line":11,"column":41}},"1":{"start":{"line":12,"column":4},"end":{"line":12,"column":43}},"2":{"start":{"line":13,"column":4},"end":{"line":13,"column":35}},"3":{"start":{"line":20,"column":4},"end":{"line":24,"column":5}},"4":{"start":{"line":21,"column":6},"end":{"line":21,"column":39}},"5":{"start":{"line":23,"column":6},"end":{"line":23,"column":37}},"6":{"start":{"line":32,"column":4},"end":{"line":34,"column":5}},"7":{"start":{"line":33,"column":6},"end":{"line":33,"column":66}},"8":{"start":{"line":35,"column":4},"end":{"line":37,"column":5}},"9":{"start":{"line":36,"column":6},"end":{"line":36,"column":70}},"10":{"start":{"line":39,"column":4},"end":{"line":39,"column":26}},"11":{"start":{"line":40,"column":4},"end":{"line":40,"column":28}},"12":{"start":{"line":47,"column":4},"end":{"line":47,"column":24}},"13":{"start":{"line":48,"column":4},"end":{"line":48,"column":26}}},"fnMap":{"0":{"name":"(anonymous_0)","decl":{"start":{"line":10,"column":2},"end":{"line":10,"column":3}},"loc":{"start":{"line":10,"column":16},"end":{"line":14,"column":3}},"line":10},"1":{"name":"(anonymous_1)","decl":{"start":{"line":19,"column":2},"end":{"line":19,"column":3}},"loc":{"start":{"line":19,"column":15},"end":{"line":25,"column":3}},"line":19},"2":{"name":"(anonymous_2)","decl":{"start":{"line":30,"column":2},"end":{"line":30,"column":3}},"loc":{"start":{"line":30,"column":17},"end":{"line":41,"column":3}},"line":30},"3":{"name":"(anonymous_3)","decl":{"start":{"line":46,"column":2},"end":{"line":46,"column":3}},"loc":{"start":{"line":46,"column":16},"end":{"line":49,"column":3}},"line":46}},"branchMap":{"0":{"loc":{"start":{"line":20,"column":4},"end":{"line":24,"column":5}},"type":"if","locations":[{"start":{"line":20,"column":4},"end":{"line":24,"column":5}},{"start":{"line":22,"column":11},"end":{"line":24,"column":5}}],"line":20}},"s":{"0":4,"1":4,"2":4,"3":2,"4":1,"5":1,"6":1,"7":1,"8":1,"9":0,"10":1,"11":1,"12":1,"13":1},"f":{"0":4,"1":2,"2":1,"3":1},"b":{"0":[1,1]},"_coverageSchema":"1a1c01bbd47fc00a2c39e90264f33305004495a9","hash":"887ad58ea1579159ee741810047f612b6aba57fc"}
,"C:\\Users\\sebas\\Downloads\\7iMig\\scripts\\jugador.js": {"path":"C:\\Users\\sebas\\Downloads\\7iMig\\scripts\\jugador.js","statementMap":{"0":{"start":{"line":3,"column":13},"end":{"line":3,"column":23}},"1":{"start":{"line":4,"column":0},"end":{"line":4,"column":18}},"2":{"start":{"line":5,"column":0},"end":{"line":5,"column":20}},"3":{"start":{"line":16,"column":4},"end":{"line":16,"column":21}},"4":{"start":{"line":17,"column":4},"end":{"line":17,"column":21}},"5":{"start":{"line":18,"column":4},"end":{"line":18,"column":21}},"6":{"start":{"line":19,"column":4},"end":{"line":19,"column":30}},"7":{"start":{"line":27,"column":4},"end":{"line":27,"column":27}}},"fnMap":{"0":{"name":"(anonymous_0)","decl":{"start":{"line":15,"column":2},"end":{"line":15,"column":3}},"loc":{"start":{"line":15,"column":27},"end":{"line":20,"column":3}},"line":15},"1":{"name":"(anonymous_1)","decl":{"start":{"line":26,"column":2},"end":{"line":26,"column":3}},"loc":{"start":{"line":26,"column":25},"end":{"line":28,"column":3}},"line":26}},"branchMap":{},"s":{"0":1,"1":1,"2":1,"3":8,"4":8,"5":8,"6":8,"7":1},"f":{"0":8,"1":1},"b":{},"_coverageSchema":"1a1c01bbd47fc00a2c39e90264f33305004495a9","hash":"ccbede4ef9b316bf071433e522b851d807657927"}
}
