TN:
SF:scripts\card.js
FN:13,(anonymous_0)
FNF:1
FNH:1
FNDA:40,(anonymous_0)
DA:5,1
DA:6,1
DA:14,40
DA:15,40
DA:16,40
LF:5
LH:5
BRDA:16,0,0,12
BRDA:16,0,1,28
BRF:2
BRH:2
end_of_record
TN:
SF:scripts\deck.js
FN:10,(anonymous_0)
FN:17,(anonymous_1)
FN:28,(anonymous_2)
FNF:3
FNH:3
FNDA:1,(anonymous_0)
FNDA:1,(anonymous_1)
FNDA:1,(anonymous_2)
DA:11,1
DA:18,1
DA:19,4
DA:20,40
DA:29,1
DA:30,39
DA:31,39
LF:7
LH:7
BRF:0
BRH:0
end_of_record
TN:
SF:scripts\game.js
FN:10,(anonymous_0)
FN:19,(anonymous_1)
FN:30,(anonymous_2)
FN:46,(anonymous_3)
FNF:4
FNH:4
FNDA:4,(anonymous_0)
FNDA:2,(anonymous_1)
FNDA:1,(anonymous_2)
FNDA:1,(anonymous_3)
DA:11,4
DA:12,4
DA:13,4
DA:20,2
DA:21,1
DA:23,1
DA:32,1
DA:33,1
DA:35,1
DA:36,0
DA:39,1
DA:40,1
DA:47,1
DA:48,1
LF:14
LH:13
BRDA:20,0,0,1
BRDA:20,0,1,1
BRF:2
BRH:2
end_of_record
TN:
SF:scripts\jugador.js
FN:15,(anonymous_0)
FN:26,(anonymous_1)
FNF:2
FNH:2
FNDA:8,(anonymous_0)
FNDA:1,(anonymous_1)
DA:3,1
DA:4,1
DA:5,1
DA:16,8
DA:17,8
DA:18,8
DA:19,8
DA:27,1
LF:8
LH:8
BRF:0
BRH:0
end_of_record
